<?xml version="1.0" encoding="UTF-8"?>
<testsuite name="com.example.fitness.FitnessApplicationTests" tests="1" skipped="0" failures="0" errors="0" timestamp="2025-10-09T20:18:41.368Z" hostname="Gabriels-MacBook-Pro-2.local" time="0.001">
  <properties/>
  <testcase name="contextLoads()" classname="com.example.fitness.FitnessApplicationTests" time="0.001"/>
  <system-out><![CDATA[2025-10-09T13:18:41.264-07:00  INFO 49188 --- [fitness] [    Test worker] t.c.s.AnnotationConfigContextLoaderUtils : Could not detect default configuration classes for test class [com.example.fitness.FitnessApplicationTests]: FitnessApplicationTests does not declare any static, non-private, non-final, nested classes annotated with @Configuration.
2025-10-09T13:18:41.265-07:00  INFO 49188 --- [fitness] [    Test worker] .b.t.c.SpringBootTestContextBootstrapper : Found @SpringBootConfiguration com.example.fitness.FitnessApplication for test class com.example.fitness.FitnessApplicationTests

  .   ____          _            __ _ _
 /\\ / ___'_ __ _ _(_)_ __  __ _ \ \ \ \
( ( )\___ | '_ | '_| | '_ \/ _` | \ \ \ \
 \\/  ___)| |_)| | | | | || (_| |  ) ) ) )
  '  |____| .__|_| |_|_| |_\__, | / / / /
 =========|_|==============|___/=/_/_/_/

 :: Spring Boot ::                (v3.5.6)

2025-10-09T13:18:41.277-07:00  INFO 49188 --- [fitness] [    Test worker] c.e.fitness.FitnessApplicationTests      : Starting FitnessApplicationTests using Java 17.0.12 with PID 49188 (started by gabrielgallagher in /Users/gabrielgallagher/Desktop/current school stuff/438-Project-2)
2025-10-09T13:18:41.277-07:00  INFO 49188 --- [fitness] [    Test worker] c.e.fitness.FitnessApplicationTests      : No active profile set, falling back to 1 default profile: "default"
2025-10-09T13:18:41.365-07:00  INFO 49188 --- [fitness] [    Test worker] c.e.fitness.FitnessApplicationTests      : Started FitnessApplicationTests in 0.097 seconds (process running for 1.847)
]]></system-out>
  <system-err><![CDATA[]]></system-err>
</testsuite>
